Arguments: 
  /Users/donmccurdy/.nvm/versions/node/v14.18.1/bin/node /Users/donmccurdy/.nvm/versions/node/v14.18.1/bin/yarn install

PATH: 
  /Users/donmccurdy/.nvm/versions/node/v14.18.1/bin:/Applications/Sublime Text.app/Contents/SharedSupport/bin:/opt/homebrew/bin:/opt/homebrew/sbin:/usr/local/bin:/usr/bin:/bin:/usr/sbin:/sbin:/Users/donmccurdy/.fig/bin

Yarn version: 
  1.22.17

Node version: 
  14.18.1

Platform: 
  darwin arm64

Trace: 
  SyntaxError: /Users/donmccurdy/Documents/Projects/property-graph/package.json: Unexpected token { in JSON at position 307
      at JSON.parse (<anonymous>)
      at /Users/donmccurdy/.nvm/versions/node/v14.18.1/lib/node_modules/yarn/lib/cli.js:1625:59
      at Generator.next (<anonymous>)
      at step (/Users/donmccurdy/.nvm/versions/node/v14.18.1/lib/node_modules/yarn/lib/cli.js:310:30)
      at /Users/donmccurdy/.nvm/versions/node/v14.18.1/lib/node_modules/yarn/lib/cli.js:321:13

npm manifest: 
  {
    "name": "property-graph",
    "version": "0.0.0",
    "description": "Base for creating objects that behave like a Property Graph.",
    "main": "dist/index.modern.js",
    "repository": "https://github.com/github:donmccurdy/property-graph",
    "author": "Don McCurdy <dm@donmccurdy.com>",
    "license": "MIT"
  }
  
  {
    "name": "property-graph",
    "version": "0.0.0",
    "description": "Base for creating objects that behave like a Property Graph.",
    "type": "module",
    "sideEffects": false,
    "main": "dist/property-graph.modern.js",
    "types": "dist/index.d.ts",
    "repository": "github:donmccurdy/property-graph",
    "author": "Don McCurdy <dm@donmccurdy.com>",
    "license": "MIT",
    "scripts": {
      "dist": "microbundle --format modern,cjs --define PACKAGE_VERSION=$npm_package_version",
      "watch": "microbundle watch --format modern,cjs --define PACKAGE_VERSION=$npm_package_version",
      "watch:debug": "microbundle watch --no-compress --format modern,cjs --define PACKAGE_VERSION=$npm_package_version",
      "test": "ts-node node_modules/tape/bin/tape test/*.ts | tap-spec",
      "coverage": "nyc --reporter=lcov --reporter=text ts-node node_modules/tape/bin/tape test/*.ts",
      "coverage:report": "nyc report --reporter=text-lcov | coveralls",
      "preversion": "yarn dist && yarn test",
      "version": "yarn dist && git add -u",
      "postversion": "git push && git push --tags && npm publish && yarn coverage:report"
    },
    "devDependencies": {
      "@types/tape": "^4.13.0",
      "@typescript-eslint/eslint-plugin": "^4.22.0",
      "coveralls": "^3.1.0",
      "eslint": "^7.24.0",
      "microbundle": "^0.13.0",
      "nyc": "^15.1.0",
      "source-map-support": "^0.5.19",
      "tap-spec": "^5.0.0",
      "tape": "^5.2.2",
      "ts-node": "^9.1.1",
      "typescript": "^4.2.4"
    },
    "files": [
      "dist/",
      "src/",
      "README.md",
      "LICENSE",
      "package.json"
    ]
  }

yarn manifest: 
  No manifest

Lockfile: 
  No lockfile
